#
# There is insufficient memory for the Java Runtime Environment to continue.
# Native memory allocation (malloc) failed to allocate 329936 bytes for Chunk::new
# Possible reasons:
#   The system is out of physical RAM or swap space
#   The process is running with CompressedOops enabled, and the Java Heap may be blocking the growth of the native heap
# Possible solutions:
#   Reduce memory load on the system
#   Increase physical memory or swap space
#   Check if swap backing store is full
#   Decrease Java heap size (-Xmx/-Xms)
#   Decrease number of Java threads
#   Decrease Java thread stack sizes (-Xss)
#   Set larger code cache with -XX:ReservedCodeCacheSize=
#   JVM is running with Unscaled Compressed Oops mode in which the Java heap is
#     placed in the first 4GB address space. The Java Heap base address is the
#     maximum limit for the native heap growth. Please use -XX:HeapBaseMinAddress
#     to set the Java Heap base and to place the Java Heap above 4GB virtual address.
# This output file may be truncated or incomplete.
#
#  Out of Memory Error (allocation.cpp:389), pid=9232, tid=0x00000000000048cc
#
# JRE version: OpenJDK Runtime Environment (8.0_242-b01) (build 1.8.0_242-release-1644-b01)
# Java VM: OpenJDK 64-Bit Server VM (25.242-b01 mixed mode windows-amd64 compressed oops)
# Failed to write core dump. Minidumps are not enabled by default on client versions of Windows
#

---------------  T H R E A D  ---------------

Current thread (0x0000000017f8d800):  JavaThread "C2 CompilerThread1" daemon [_thread_in_native, id=18636, stack(0x00000000196f0000,0x00000000197f0000)]

Stack: [0x00000000196f0000,0x00000000197f0000]
[error occurred during error reporting (printing stack bounds), id 0xc0000005]

Native frames: (J=compiled Java code, j=interpreted, Vv=VM code, C=native code)


Current CompileTask:
C2:  10940 5292       4       sun.reflect.generics.parser.SignatureParser::parsePackageNameAndSimpleClassTypeSignature (139 bytes)


---------------  P R O C E S S  ---------------

Java Threads: ( => current thread )
  0x000000001a3ed000 JavaThread "Cache worker for file content cache (C:\Users\Igor\Documents\testBranch\GetImage-main-dont-touch-\.gradle\6.1.1\fileContent)" [_thread_blocked, id=15580, stack(0x0000000024060000,0x0000000024160000)]
  0x000000001a3e4800 JavaThread "Cache worker for file content cache (C:\Users\Igor\.gradle\caches\6.1.1\fileContent)" [_thread_blocked, id=12828, stack(0x0000000023f60000,0x0000000024060000)]
  0x000000001a3ea800 JavaThread "Memory manager" [_thread_blocked, id=7312, stack(0x0000000023e60000,0x0000000023f60000)]
  0x000000001a3eb800 JavaThread "Cache worker for Build Output Cleanup Cache (C:\Users\Igor\Documents\testBranch\GetImage-main-dont-touch-\.gradle\buildOutputCleanup)" [_thread_blocked, id=17612, stack(0x0000000023160000,0x0000000023260000)]
  0x000000001a3ea000 JavaThread "Build operations Thread 4" [_thread_blocked, id=19056, stack(0x0000000022e60000,0x0000000022f60000)]
  0x000000001a3e9000 JavaThread "Build operations Thread 3" [_thread_blocked, id=13792, stack(0x0000000022d60000,0x0000000022e60000)]
  0x000000001a3e7800 JavaThread "Build operations Thread 2" [_thread_blocked, id=19328, stack(0x0000000022c60000,0x0000000022d60000)]
  0x000000001a3e7000 JavaThread "Build operations" [_thread_blocked, id=8980, stack(0x0000000022b60000,0x0000000022c60000)]
  0x000000001baed000 JavaThread "Cache worker for execution history cache (C:\Users\Igor\.gradle\caches\6.1.1\executionHistory)" [_thread_blocked, id=9264, stack(0x0000000021a10000,0x0000000021b10000)]
  0x000000001baf1000 JavaThread "Cache worker for cache directory md-rule (C:\Users\Igor\.gradle\caches\6.1.1\md-rule)" [_thread_blocked, id=16984, stack(0x0000000020670000,0x0000000020770000)]
  0x000000001baf1800 JavaThread "Cache worker for cache directory md-supplier (C:\Users\Igor\.gradle\caches\6.1.1\md-supplier)" [_thread_blocked, id=7484, stack(0x00000000202c0000,0x00000000203c0000)]
  0x000000001baf0000 JavaThread "Cache worker for file hash cache (C:\Users\Igor\Documents\testBranch\GetImage-main-dont-touch-\.gradle\6.1.1\fileHashes)" [_thread_blocked, id=13056, stack(0x0000000020570000,0x0000000020670000)]
  0x000000001baef800 JavaThread "Cache worker for checksums cache (C:\Users\Igor\Documents\testBranch\GetImage-main-dont-touch-\.gradle\checksums)" [_thread_blocked, id=18776, stack(0x0000000020470000,0x0000000020570000)]
  0x000000001baf3000 JavaThread "Cache worker for file hash cache (C:\Users\Igor\.gradle\caches\6.1.1\fileHashes)" [_thread_blocked, id=18984, stack(0x000000001dd20000,0x000000001de20000)]
  0x000000001baee800 JavaThread "File lock request listener" [_thread_in_native, id=18572, stack(0x000000001dc20000,0x000000001dd20000)]
  0x000000001ba86800 JavaThread "Cache worker for journal cache (C:\Users\Igor\.gradle\caches\journal-1)" [_thread_blocked, id=18620, stack(0x000000001db20000,0x000000001dc20000)]
  0x000000001ba21800 JavaThread "Thread-9" [_thread_blocked, id=13916, stack(0x000000001d820000,0x000000001d920000)]
  0x000000001b9f8000 JavaThread "Stdin handler" [_thread_blocked, id=19172, stack(0x000000001d720000,0x000000001d820000)]
  0x000000001b9f5800 JavaThread "Asynchronous log dispatcher for DefaultDaemonConnection: socket connection from /127.0.0.1:52669 to /127.0.0.1:52670" [_thread_blocked, id=3200, stack(0x000000001d620000,0x000000001d720000)]
  0x000000001ba12800 JavaThread "Daemon worker" [_thread_in_vm, id=1588, stack(0x000000001d520000,0x000000001d620000)]
  0x000000001b9c3800 JavaThread "Cancel handler" [_thread_blocked, id=17868, stack(0x000000001d420000,0x000000001d520000)]
  0x000000001b9d2000 JavaThread "Handler for socket connection from /127.0.0.1:52669 to /127.0.0.1:52670" [_thread_in_native, id=11168, stack(0x000000001d120000,0x000000001d220000)]
  0x000000001b9d1000 JavaThread "Daemon" [_thread_blocked, id=12104, stack(0x000000001d020000,0x000000001d120000)]
  0x000000001b963000 JavaThread "Daemon periodic checks" [_thread_blocked, id=11092, stack(0x000000001cf20000,0x000000001d020000)]
  0x000000001b961800 JavaThread "Incoming local TCP Connector on port 52669" [_thread_in_native, id=8892, stack(0x000000001ccd0000,0x000000001cdd0000)]
  0x00000000199ba000 JavaThread "Daemon health stats" [_thread_blocked, id=8268, stack(0x000000001c690000,0x000000001c790000)]
  0x000000001992e000 JavaThread "Service Thread" daemon [_thread_blocked, id=3744, stack(0x0000000019cf0000,0x0000000019df0000)]
  0x0000000017faf800 JavaThread "C1 CompilerThread2" daemon [_thread_blocked, id=11788, stack(0x00000000197f0000,0x00000000198f0000)]
=>0x0000000017f8d800 JavaThread "C2 CompilerThread1" daemon [_thread_in_native, id=18636, stack(0x00000000196f0000,0x00000000197f0000)]
  0x0000000017f83800 JavaThread "C2 CompilerThread0" daemon [_thread_in_native, id=12724, stack(0x00000000195f0000,0x00000000196f0000)]
  0x0000000017f89800 JavaThread "Attach Listener" daemon [_thread_blocked, id=12408, stack(0x00000000194f0000,0x00000000195f0000)]
  0x0000000017f86800 JavaThread "Signal Dispatcher" daemon [_thread_blocked, id=124, stack(0x00000000193f0000,0x00000000194f0000)]
  0x000000000335a000 JavaThread "Finalizer" daemon [_thread_blocked, id=16352, stack(0x00000000191e0000,0x00000000192e0000)]
  0x0000000003351000 JavaThread "Reference Handler" daemon [_thread_blocked, id=14140, stack(0x00000000190e0000,0x00000000191e0000)]
  0x000000000325e000 JavaThread "main" [_thread_blocked, id=5972, stack(0x00000000030d0000,0x00000000031d0000)]

Other Threads:
  0x0000000017f46800 VMThread [stack: 0x0000000018fe0000,0x00000000190e0000] [id=14276]
  0x0000000017fdc000 WatcherThread [stack: 0x0000000019df0000,0x0000000019ef0000] [id=7492]

VM state:not at safepoint (normal execution)

VM Mutex/Monitor currently owned by a thread: None

heap address: 0x0000000080000000, size: 2048 MB, Compressed Oops mode: 32-bit
Narrow klass base: 0x0000000000000000, Narrow klass shift: 3
Compressed class space size: 1073741824 Address: 0x0000000100000000

Heap:
 PSYoungGen      total 188928K, used 12919K [0x00000000d5580000, 0x00000000e2680000, 0x0000000100000000)
  eden space 173568K, 7% used [0x00000000d5580000,0x00000000d621df88,0x00000000dff00000)
  from space 15360K, 0% used [0x00000000e0880000,0x00000000e0880000,0x00000000e1780000)
  to   space 13312K, 0% used [0x00000000e1980000,0x00000000e1980000,0x00000000e2680000)
 ParOldGen       total 104448K, used 37508K [0x0000000080000000, 0x0000000086600000, 0x00000000d5580000)
  object space 104448K, 35% used [0x0000000080000000,0x00000000824a10e0,0x0000000086600000)
 Metaspace       used 57927K, capacity 59928K, committed 60184K, reserved 1101824K
  class space    used 7919K, capacity 8417K, committed 8496K, reserved 1048576K

Card table byte_map: [0x0000000012720000,0x0000000012b30000] byte_map_base: 0x0000000012320000

Marking Bits: (ParMarkBitMap*) 0x000000005970f030
 Begin Bits: [0x00000000131e0000, 0x00000000151e0000)
 End Bits:   [0x00000000151e0000, 0x00000000171e0000)

Polling page: 0x0000000001860000

CodeCache: size=245760Kb used=16548Kb max_used=16655Kb free=229211Kb
 bounds [0x0000000003360000, 0x00000000043c0000, 0x0000000012360000]
 total_blobs=5650 nmethods=4870 adapters=692
 compilation: enabled

Compilation events (10 events):
Event: 10.928 Thread 0x0000000017faf800 nmethod 5314 0x0000000003739b90 code [0x0000000003739d00, 0x0000000003739e68]
Event: 10.928 Thread 0x0000000017faf800 5316       3       sun.misc.ProxyGenerator$ProxyMethod::codeFieldInitialization (241 bytes)
Event: 10.934 Thread 0x0000000017f83800 5319       4       java.net.URLClassLoader$1::run (5 bytes)
Event: 10.934 Thread 0x0000000017faf800 nmethod 5316 0x00000000043b3f90 code [0x00000000043b47a0, 0x00000000043b9658]
Event: 10.935 Thread 0x0000000017faf800 5315       3       sun.misc.ProxyGenerator$ProxyMethod::access$1900 (6 bytes)
Event: 10.935 Thread 0x0000000017faf800 nmethod 5315 0x000000000385d410 code [0x000000000385d580, 0x000000000385d6e8]
Event: 10.935 Thread 0x0000000017faf800 5317       3       sun.misc.ProxyGenerator::access$1800 (7 bytes)
Event: 10.935 Thread 0x0000000017faf800 nmethod 5317 0x00000000043a8510 code [0x00000000043a8680, 0x00000000043a87e8]
Event: 10.936 Thread 0x0000000017faf800 5318       3       sun.misc.ProxyGenerator$FieldInfo::write (50 bytes)
Event: 10.937 Thread 0x0000000017faf800 nmethod 5318 0x00000000043ae890 code [0x00000000043aeb20, 0x00000000043afcb8]

GC Heap History (10 events):
Event: 6.049 GC heap before
{Heap before GC invocations=10 (full 1):
 PSYoungGen      total 131072K, used 127247K [0x00000000d5580000, 0x00000000de600000, 0x0000000100000000)
  eden space 122880K, 97% used [0x00000000d5580000,0x00000000dc9ee230,0x00000000dcd80000)
  from space 8192K, 97% used [0x00000000dde00000,0x00000000de5d5a98,0x00000000de600000)
  to   space 11264K, 0% used [0x00000000dd000000,0x00000000dd000000,0x00000000ddb00000)
 ParOldGen       total 47104K, used 6932K [0x0000000080000000, 0x0000000082e00000, 0x00000000d5580000)
  object space 47104K, 14% used [0x0000000080000000,0x00000000806c5058,0x0000000082e00000)
 Metaspace       used 34600K, capacity 35410K, committed 35496K, reserved 1079296K
  class space    used 4746K, capacity 4974K, committed 5040K, reserved 1048576K
Event: 6.077 GC heap after
Heap after GC invocations=10 (full 1):
 PSYoungGen      total 136704K, used 11253K [0x00000000d5580000, 0x00000000e2680000, 0x0000000100000000)
  eden space 125440K, 0% used [0x00000000d5580000,0x00000000d5580000,0x00000000dd000000)
  from space 11264K, 99% used [0x00000000dd000000,0x00000000ddafd5d8,0x00000000ddb00000)
  to   space 13312K, 0% used [0x00000000e1980000,0x00000000e1980000,0x00000000e2680000)
 ParOldGen       total 47104K, used 7991K [0x0000000080000000, 0x0000000082e00000, 0x00000000d5580000)
  object space 47104K, 16% used [0x0000000080000000,0x00000000807cdd90,0x0000000082e00000)
 Metaspace       used 34600K, capacity 35410K, committed 35496K, reserved 1079296K
  class space    used 4746K, capacity 4974K, committed 5040K, reserved 1048576K
}
Event: 6.077 GC heap before
{Heap before GC invocations=11 (full 2):
 PSYoungGen      total 136704K, used 11253K [0x00000000d5580000, 0x00000000e2680000, 0x0000000100000000)
  eden space 125440K, 0% used [0x00000000d5580000,0x00000000d5580000,0x00000000dd000000)
  from space 11264K, 99% used [0x00000000dd000000,0x00000000ddafd5d8,0x00000000ddb00000)
  to   space 13312K, 0% used [0x00000000e1980000,0x00000000e1980000,0x00000000e2680000)
 ParOldGen       total 47104K, used 7991K [0x0000000080000000, 0x0000000082e00000, 0x00000000d5580000)
  object space 47104K, 16% used [0x0000000080000000,0x00000000807cdd90,0x0000000082e00000)
 Metaspace       used 34600K, capacity 35410K, committed 35496K, reserved 1079296K
  class space    used 4746K, capacity 4974K, committed 5040K, reserved 1048576K
Event: 6.220 GC heap after
Heap after GC invocations=11 (full 2):
 PSYoungGen      total 136704K, used 0K [0x00000000d5580000, 0x00000000e2680000, 0x0000000100000000)
  eden space 125440K, 0% used [0x00000000d5580000,0x00000000d5580000,0x00000000dd000000)
  from space 11264K, 0% used [0x00000000dd000000,0x00000000dd000000,0x00000000ddb00000)
  to   space 13312K, 0% used [0x00000000e1980000,0x00000000e1980000,0x00000000e2680000)
 ParOldGen       total 69632K, used 18733K [0x0000000080000000, 0x0000000084400000, 0x00000000d5580000)
  object space 69632K, 26% used [0x0000000080000000,0x000000008124b7d8,0x0000000084400000)
 Metaspace       used 34600K, capacity 35410K, committed 35496K, reserved 1079296K
  class space    used 4746K, capacity 4974K, committed 5040K, reserved 1048576K
}
Event: 8.493 GC heap before
{Heap before GC invocations=12 (full 2):
 PSYoungGen      total 136704K, used 125440K [0x00000000d5580000, 0x00000000e2680000, 0x0000000100000000)
  eden space 125440K, 100% used [0x00000000d5580000,0x00000000dd000000,0x00000000dd000000)
  from space 11264K, 0% used [0x00000000dd000000,0x00000000dd000000,0x00000000ddb00000)
  to   space 13312K, 0% used [0x00000000e1980000,0x00000000e1980000,0x00000000e2680000)
 ParOldGen       total 69632K, used 18733K [0x0000000080000000, 0x0000000084400000, 0x00000000d5580000)
  object space 69632K, 26% used [0x0000000080000000,0x000000008124b7d8,0x0000000084400000)
 Metaspace       used 44974K, capacity 46462K, committed 46632K, reserved 1089536K
  class space    used 6082K, capacity 6421K, committed 6448K, reserved 1048576K
Event: 8.515 GC heap after
Heap after GC invocations=12 (full 2):
 PSYoungGen      total 186880K, used 13293K [0x00000000d5580000, 0x00000000e2680000, 0x0000000100000000)
  eden space 173568K, 0% used [0x00000000d5580000,0x00000000d5580000,0x00000000dff00000)
  from space 13312K, 99% used [0x00000000e1980000,0x00000000e267b678,0x00000000e2680000)
  to   space 15360K, 0% used [0x00000000e0880000,0x00000000e0880000,0x00000000e1780000)
 ParOldGen       total 69632K, used 20173K [0x0000000080000000, 0x0000000084400000, 0x00000000d5580000)
  object space 69632K, 28% used [0x0000000080000000,0x00000000813b3680,0x0000000084400000)
 Metaspace       used 44974K, capacity 46462K, committed 46632K, reserved 1089536K
  class space    used 6082K, capacity 6421K, committed 6448K, reserved 1048576K
}
Event: 10.555 GC heap before
{Heap before GC invocations=13 (full 2):
 PSYoungGen      total 186880K, used 165040K [0x00000000d5580000, 0x00000000e2680000, 0x0000000100000000)
  eden space 173568K, 87% used [0x00000000d5580000,0x00000000de9b0a78,0x00000000dff00000)
  from space 13312K, 99% used [0x00000000e1980000,0x00000000e267b678,0x00000000e2680000)
  to   space 15360K, 0% used [0x00000000e0880000,0x00000000e0880000,0x00000000e1780000)
 ParOldGen       total 69632K, used 20173K [0x0000000080000000, 0x0000000084400000, 0x00000000d5580000)
  object space 69632K, 28% used [0x0000000080000000,0x00000000813b3680,0x0000000084400000)
 Metaspace       used 57126K, capacity 59120K, committed 59160K, reserved 1099776K
  class space    used 7759K, capacity 8229K, committed 8240K, reserved 1048576K
Event: 10.586 GC heap after
Heap after GC invocations=13 (full 2):
 PSYoungGen      total 188928K, used 15348K [0x00000000d5580000, 0x00000000e2680000, 0x0000000100000000)
  eden space 173568K, 0% used [0x00000000d5580000,0x00000000d5580000,0x00000000dff00000)
  from space 15360K, 99% used [0x00000000e0880000,0x00000000e177d298,0x00000000e1780000)
  to   space 13312K, 0% used [0x00000000e1980000,0x00000000e1980000,0x00000000e2680000)
 ParOldGen       total 69632K, used 30094K [0x0000000080000000, 0x0000000084400000, 0x00000000d5580000)
  object space 69632K, 43% used [0x0000000080000000,0x0000000081d638c8,0x0000000084400000)
 Metaspace       used 57126K, capacity 59120K, committed 59160K, reserved 1099776K
  class space    used 7759K, capacity 8229K, committed 8240K, reserved 1048576K
}
Event: 10.586 GC heap before
{Heap before GC invocations=14 (full 3):
 PSYoungGen      total 188928K, used 15348K [0x00000000d5580000, 0x00000000e2680000, 0x0000000100000000)
  eden space 173568K, 0% used [0x00000000d5580000,0x00000000d5580000,0x00000000dff00000)
  from space 15360K, 99% used [0x00000000e0880000,0x00000000e177d298,0x00000000e1780000)
  to   space 13312K, 0% used [0x00000000e1980000,0x00000000e1980000,0x00000000e2680000)
 ParOldGen       total 69632K, used 30094K [0x0000000080000000, 0x0000000084400000, 0x00000000d5580000)
  object space 69632K, 43% used [0x0000000080000000,0x0000000081d638c8,0x0000000084400000)
 Metaspace       used 57126K, capacity 59120K, committed 59160K, reserved 1099776K
  class space    used 7759K, capacity 8229K, committed 8240K, reserved 1048576K
Event: 10.798 GC heap after
Heap after GC invocations=14 (full 3):
 PSYoungGen      total 188928K, used 0K [0x00000000d5580000, 0x00000000e2680000, 0x0000000100000000)
  eden space 173568K, 0% used [0x00000000d5580000,0x00000000d5580000,0x00000000dff00000)
  from space 15360K, 0% used [0x00000000e0880000,0x00000000e0880000,0x00000000e1780000)
  to   space 13312K, 0% used [0x00000000e1980000,0x00000000e1980000,0x00000000e2680000)
 ParOldGen       total 104448K, used 37508K [0x0000000080000000, 0x0000000086600000, 0x00000000d5580000)
  object space 104448K, 35% used [0x0000000080000000,0x00000000824a10e0,0x0000000086600000)
 Metaspace       used 57118K, capacity 59096K, committed 59160K, reserved 1099776K
  class space    used 7757K, capacity 8225K, committed 8240K, reserved 1048576K
}

Deoptimization events (10 events):
Event: 10.297 Thread 0x000000001ba12800 Uncommon trap: reason=unstable_if action=reinterpret pc=0x000000000414dbe8 method=java.lang.String.regionMatches(ZILjava/lang/String;II)Z @ 58
Event: 10.359 Thread 0x000000001ba12800 Uncommon trap: reason=unstable_if action=reinterpret pc=0x0000000003dbaab8 method=com.esotericsoftware.kryo.io.Input.require(I)I @ 65
Event: 10.409 Thread 0x000000001ba12800 Uncommon trap: reason=unstable_if action=reinterpret pc=0x000000000369bc74 method=java.util.HashMap.resize()[Ljava/util/HashMap$Node; @ 206
Event: 10.409 Thread 0x000000001ba12800 Uncommon trap: reason=unstable_if action=reinterpret pc=0x0000000004074368 method=java.util.HashMap.putVal(ILjava/lang/Object;Ljava/lang/Object;ZZ)Ljava/lang/Object; @ 109
Event: 10.410 Thread 0x000000001ba12800 Uncommon trap: reason=unstable_if action=reinterpret pc=0x0000000003dc7720 method=java.util.HashMap.putVal(ILjava/lang/Object;Ljava/lang/Object;ZZ)Ljava/lang/Object; @ 109
Event: 10.440 Thread 0x000000001ba12800 Uncommon trap: reason=predicate action=maybe_recompile pc=0x000000000438483c method=java.util.AbstractCollection.toArray([Ljava/lang/Object;)[Ljava/lang/Object; @ 49
Event: 10.541 Thread 0x000000001ba12800 Uncommon trap: reason=bimorphic action=maybe_recompile pc=0x000000000415ce04 method=java.util.regex.Pattern$5.isSatisfiedBy(I)Z @ 16
Event: 10.541 Thread 0x000000001ba12800 Uncommon trap: reason=bimorphic action=maybe_recompile pc=0x000000000415ce04 method=java.util.regex.Pattern$5.isSatisfiedBy(I)Z @ 16
Event: 10.541 Thread 0x000000001ba12800 Uncommon trap: reason=bimorphic action=maybe_recompile pc=0x000000000415ce04 method=java.util.regex.Pattern$5.isSatisfiedBy(I)Z @ 16
Event: 10.541 Thread 0x000000001ba12800 Uncommon trap: reason=bimorphic action=maybe_recompile pc=0x000000000415ce04 method=java.util.regex.Pattern$5.isSatisfiedBy(I)Z @ 16

Classes redefined (0 events):
No events

Internal exceptions (10 events):
Event: 9.535 Thread 0x000000001ba12800 Exception <a 'java/lang/ClassNotFoundException': org/gradle/api/internal/file/collections/DefaultConfigurableFileTreeCustomizer> (0x00000000da804d60) thrown at [C:\src\AOSP-openjdk-git\hotspot\src\share\vm\classfile\systemDictionary.cpp, line 210]
Event: 9.671 Thread 0x000000001ba12800 Exception <a 'java/lang/NoSuchMethodError': java.lang.Object.lambda$comparingInt$7b0bb60$1(Ljava/util/function/ToIntFunction;Ljava/lang/Object;Ljava/lang/Object;)I> (0x00000000daef1990) thrown at [C:\src\AOSP-openjdk-git\hotspot\src\share\vm\interpreter\l
Event: 10.137 Thread 0x000000001ba12800 Exception <a 'java/lang/ClassNotFoundException': com/android/build/gradle/internal/api/ApkVariantOutputImpl_DecoratedBeanInfo> (0x00000000dc5cd328) thrown at [C:\src\AOSP-openjdk-git\hotspot\src\share\vm\classfile\systemDictionary.cpp, line 210]
Event: 10.138 Thread 0x000000001ba12800 Exception <a 'java/lang/ClassNotFoundException': com/android/build/gradle/internal/api/ApkVariantOutputImplBeanInfo> (0x00000000dc5eccb8) thrown at [C:\src\AOSP-openjdk-git\hotspot\src\share\vm\classfile\systemDictionary.cpp, line 210]
Event: 10.138 Thread 0x000000001ba12800 Exception <a 'java/lang/ClassNotFoundException': com/android/build/gradle/internal/api/BaseVariantOutputImplBeanInfo> (0x00000000dc60dc30) thrown at [C:\src\AOSP-openjdk-git\hotspot\src\share\vm\classfile\systemDictionary.cpp, line 210]
Event: 10.138 Thread 0x000000001ba12800 Exception <a 'java/lang/ClassNotFoundException': com/android/build/gradle/internal/api/BaseVariantOutputImplCustomizer> (0x00000000dc62f1b0) thrown at [C:\src\AOSP-openjdk-git\hotspot\src\share\vm\classfile\systemDictionary.cpp, line 210]
Event: 10.140 Thread 0x000000001ba12800 Exception <a 'java/lang/ClassNotFoundException': com/android/build/gradle/internal/api/ApkVariantOutputImplCustomizer> (0x00000000dc66a2b0) thrown at [C:\src\AOSP-openjdk-git\hotspot\src\share\vm\classfile\systemDictionary.cpp, line 210]
Event: 10.140 Thread 0x000000001ba12800 Exception <a 'java/lang/ClassNotFoundException': com/android/build/gradle/internal/api/ApkVariantOutputImpl_DecoratedCustomizer> (0x00000000dc6a0e40) thrown at [C:\src\AOSP-openjdk-git\hotspot\src\share\vm\classfile\systemDictionary.cpp, line 210]
Event: 10.836 Thread 0x000000001ba12800 Exception <a 'java/lang/ClassNotFoundException': com/sun/org/glassfish/hk2/osgiresourcelocator/ServiceLoader> (0x00000000d5765ca8) thrown at [C:\src\AOSP-openjdk-git\hotspot\src\share\vm\classfile\systemDictionary.cpp, line 210]
Event: 10.895 Thread 0x000000001ba12800 Exception <a 'java/lang/NullPointerException'> (0x00000000d5c8bba8) thrown at [C:\src\AOSP-openjdk-git\hotspot\src\share\vm\interpreter\linkResolver.cpp, line 1287]

Events (10 events):
Event: 10.936 loading class javax/xml/bind/annotation/XmlEnum
Event: 10.936 loading class javax/xml/bind/annotation/XmlEnum done
Event: 10.936 loading class com/sun/xml/bind/v2/model/annotation/XmlRootElementQuick
Event: 10.936 loading class com/sun/xml/bind/v2/model/annotation/XmlRootElementQuick done
Event: 10.937 loading class javax/xml/bind/annotation/XmlRootElement
Event: 10.937 loading class javax/xml/bind/annotation/XmlRootElement done
Event: 10.937 loading class com/sun/xml/bind/v2/model/annotation/XmlSchemaQuick
Event: 10.937 loading class com/sun/xml/bind/v2/model/annotation/XmlSchemaQuick done
Event: 10.938 loading class com/sun/xml/bind/v2/model/annotation/XmlSchemaTypeQuick
Event: 10.938 loading class com/sun/xml/bind/v2/model/annotation/XmlSchemaTypeQuick done


Dynamic libraries:
0x00007ff70c640000 - 0x00007ff70c671000 	D:\Android\Android Studio\jre\bin\java.exe
0x00007ff852ad0000 - 0x00007ff852cc5000 	C:\WINDOWS\SYSTEM32\ntdll.dll
0x00007ff8528c0000 - 0x00007ff85297d000 	C:\WINDOWS\System32\KERNEL32.DLL
0x00007ff850340000 - 0x00007ff850608000 	C:\WINDOWS\System32\KERNELBASE.dll
0x00007ff8529e0000 - 0x00007ff852a8c000 	C:\WINDOWS\System32\ADVAPI32.dll
0x00007ff8519a0000 - 0x00007ff851a3e000 	C:\WINDOWS\System32\msvcrt.dll
0x00007ff852390000 - 0x00007ff85242b000 	C:\WINDOWS\System32\sechost.dll
0x00007ff8526d0000 - 0x00007ff8527fb000 	C:\WINDOWS\System32\RPCRT4.dll
0x00007ff850b90000 - 0x00007ff850d30000 	C:\WINDOWS\System32\USER32.dll
0x00007ff850660000 - 0x00007ff850682000 	C:\WINDOWS\System32\win32u.dll
0x00007ff8529b0000 - 0x00007ff8529da000 	C:\WINDOWS\System32\GDI32.dll
0x00007ff8509c0000 - 0x00007ff850acb000 	C:\WINDOWS\System32\gdi32full.dll
0x00007ff850920000 - 0x00007ff8509bd000 	C:\WINDOWS\System32\msvcp_win.dll
0x00007ff850240000 - 0x00007ff850340000 	C:\WINDOWS\System32\ucrtbase.dll
0x00007ff841410000 - 0x00007ff8416aa000 	C:\WINDOWS\WinSxS\amd64_microsoft.windows.common-controls_6595b64144ccf1df_6.0.19041.844_none_ca00b6081b84eb1d\COMCTL32.dll
0x00007ff852980000 - 0x00007ff8529b0000 	C:\WINDOWS\System32\IMM32.DLL
0x0000000058290000 - 0x0000000058362000 	D:\Android\Android Studio\jre\jre\bin\msvcr100.dll
0x0000000058f40000 - 0x000000005978b000 	D:\Android\Android Studio\jre\jre\bin\server\jvm.dll
0x00007ff850d30000 - 0x00007ff850d38000 	C:\WINDOWS\System32\PSAPI.DLL
0x00007ff84dee0000 - 0x00007ff84dee9000 	C:\WINDOWS\SYSTEM32\WSOCK32.dll
0x00007ff83f090000 - 0x00007ff83f0b7000 	C:\WINDOWS\SYSTEM32\WINMM.dll
0x00007ff842cc0000 - 0x00007ff842cca000 	C:\WINDOWS\SYSTEM32\VERSION.dll
0x00007ff852430000 - 0x00007ff85249b000 	C:\WINDOWS\System32\WS2_32.dll
0x00007ff84d1d0000 - 0x00007ff84d1df000 	D:\Android\Android Studio\jre\jre\bin\verify.dll
0x00007ff847ba0000 - 0x00007ff847bc9000 	D:\Android\Android Studio\jre\jre\bin\java.dll
0x00007ff844b50000 - 0x00007ff844b66000 	D:\Android\Android Studio\jre\jre\bin\zip.dll
0x00007ff8510a0000 - 0x00007ff8517e2000 	C:\WINDOWS\System32\SHELL32.dll
0x00007ff84efd0000 - 0x00007ff84f761000 	C:\WINDOWS\SYSTEM32\windows.storage.dll
0x00007ff850d40000 - 0x00007ff851095000 	C:\WINDOWS\System32\combase.dll
0x00007ff84fc80000 - 0x00007ff84fcac000 	C:\WINDOWS\SYSTEM32\Wldp.dll
0x00007ff851a40000 - 0x00007ff851aee000 	C:\WINDOWS\System32\SHCORE.dll
0x00007ff8525a0000 - 0x00007ff8525f5000 	C:\WINDOWS\System32\shlwapi.dll
0x00007ff850150000 - 0x00007ff85016f000 	C:\WINDOWS\SYSTEM32\profapi.dll
0x00007ff844a70000 - 0x00007ff844a8a000 	D:\Android\Android Studio\jre\jre\bin\net.dll
0x00007ff84ef10000 - 0x00007ff84ef7a000 	C:\WINDOWS\system32\mswsock.dll
0x00007ff8447d0000 - 0x00007ff8447e3000 	D:\Android\Android Studio\jre\jre\bin\nio.dll
0x00007ff840880000 - 0x00007ff8408a6000 	C:\Users\Igor\.gradle\native\31\windows-amd64\native-platform.dll
0x00007ff84be40000 - 0x00007ff84be4d000 	D:\Android\Android Studio\jre\jre\bin\management.dll
0x00007ff84fbc0000 - 0x00007ff84fbd8000 	C:\WINDOWS\SYSTEM32\CRYPTSP.dll
0x000000005b4f0000 - 0x000000005b501000 	C:\Program Files\Common Files\Crypto Pro\AppCompat\cpadvai.dll
0x000000005b510000 - 0x000000005b517000 	C:\Program Files\Common Files\Crypto Pro\AppCompat\detoured.dll
0x00007ff84e840000 - 0x00007ff84e874000 	C:\WINDOWS\system32\rsaenh.dll
0x00007ff850210000 - 0x00007ff850237000 	C:\WINDOWS\System32\bcrypt.dll
0x00007ff850110000 - 0x00007ff85013e000 	C:\WINDOWS\SYSTEM32\USERENV.dll
0x00007ff8507f0000 - 0x00007ff850870000 	C:\WINDOWS\System32\bcryptprimitives.dll
0x00007ff84fbe0000 - 0x00007ff84fbec000 	C:\WINDOWS\SYSTEM32\CRYPTBASE.dll
0x00007ff84ebb0000 - 0x00007ff84ebeb000 	C:\WINDOWS\SYSTEM32\IPHLPAPI.DLL
0x00007ff852380000 - 0x00007ff852388000 	C:\WINDOWS\System32\NSI.dll
0x00007ff842ee0000 - 0x00007ff842ef7000 	C:\WINDOWS\SYSTEM32\dhcpcsvc6.DLL
0x00007ff846e50000 - 0x00007ff846e6d000 	C:\WINDOWS\SYSTEM32\dhcpcsvc.DLL
0x00007ff84ebf0000 - 0x00007ff84ecbc000 	C:\WINDOWS\SYSTEM32\DNSAPI.dll

VM Arguments:
jvm_args: -Xmx2048m -Dfile.encoding=windows-1251 -Duser.country=RU -Duser.language=ru -Duser.variant 
java_command: org.gradle.launcher.daemon.bootstrap.GradleDaemon 6.1.1
java_class_path (initial): C:\Users\Igor\.gradle\wrapper\dists\gradle-6.1.1-all\cfmwm155h49vnt3hynmlrsdst\gradle-6.1.1\lib\gradle-launcher-6.1.1.jar
Launcher Type: SUN_STANDARD

Environment Variables:
PATH=C:\Program Files (x86)\Common Files\Oracle\Java\javapath;C:\Program Files (x86)\NVIDIA Corporation\PhysX\Common;C:\Program Files (x86)\Intel\iCLS Client\;C:\Program Files\Intel\iCLS Client\;C:\Windows\system32;C:\Windows;C:\Windows\System32\Wbem;C:\Windows\System32\WindowsPowerShell\v1.0\;C:\Program Files (x86)\Intel\Intel(R) Management Engine Components\DAL;C:\Program Files\Intel\Intel(R) Management Engine Components\DAL;C:\Program Files (x86)\Intel\Intel(R) Management Engine Components\IPT;C:\Program Files\Intel\Intel(R) Management Engine Components\IPT;C:\WINDOWS\system32;C:\WINDOWS;C:\WINDOWS\System32\Wbem;C:\WINDOWS\System32\WindowsPowerShell\v1.0\;C:\WINDOWS\System32\OpenSSH\;C:\Program Files\dotnet\;C:\Users\асус\Desktop\јјјјја пайтон\Scripts\;C:\Users\асус\Desktop\јјјјја пайтон\;C:\Users\Igor\AppData\Local\Microsoft\WindowsApps;D:\vs code\Microsoft VS Code\bin;C:\Users\Igor\.dotnet\tools;
USERNAME=асус
OS=Windows_NT
PROCESSOR_IDENTIFIER=Intel64 Family 6 Model 78 Stepping 3, GenuineIntel



---------------  S Y S T E M  ---------------

OS: Windows 10.0 , 64 bit Build 19041 (10.0.19041.928)

CPU:total 4 (initial active 4) (2 cores per cpu, 2 threads per core) family 6 model 78 stepping 3, cmov, cx8, fxsr, mmx, sse, sse2, sse3, ssse3, sse4.1, sse4.2, popcnt, avx, avx2, aes, clmul, erms, 3dnowpref, lzcnt, ht, tsc, tscinvbit, bmi1, bmi2, adx

Memory: 4k page, physical 8249432k(507756k free), swap 12345432k(4224k free)

vm_info: OpenJDK 64-Bit Server VM (25.242-b01) for windows-amd64 JRE (1.8.0_242-release-1644-b01), built by "builder" with MS VC++ 10.0 (VS2010)

time: Thu May 06 23:25:37 2021
timezone: RTZ 4 (зима)
elapsed time: 10 seconds (0d 0h 0m 10s)

