#
# There is insufficient memory for the Java Runtime Environment to continue.
# Native memory allocation (malloc) failed to allocate 579696 bytes for Chunk::new
# Possible reasons:
#   The system is out of physical RAM or swap space
#   The process is running with CompressedOops enabled, and the Java Heap may be blocking the growth of the native heap
# Possible solutions:
#   Reduce memory load on the system
#   Increase physical memory or swap space
#   Check if swap backing store is full
#   Decrease Java heap size (-Xmx/-Xms)
#   Decrease number of Java threads
#   Decrease Java thread stack sizes (-Xss)
#   Set larger code cache with -XX:ReservedCodeCacheSize=
#   JVM is running with Unscaled Compressed Oops mode in which the Java heap is
#     placed in the first 4GB address space. The Java Heap base address is the
#     maximum limit for the native heap growth. Please use -XX:HeapBaseMinAddress
#     to set the Java Heap base and to place the Java Heap above 4GB virtual address.
# This output file may be truncated or incomplete.
#
#  Out of Memory Error (allocation.cpp:389), pid=17864, tid=0x0000000000001d9c
#
# JRE version: OpenJDK Runtime Environment (8.0_242-b01) (build 1.8.0_242-release-1644-b01)
# Java VM: OpenJDK 64-Bit Server VM (25.242-b01 mixed mode windows-amd64 compressed oops)
# Failed to write core dump. Minidumps are not enabled by default on client versions of Windows
#

---------------  T H R E A D  ---------------

Current thread (0x00000000176fb000):  JavaThread "C2 CompilerThread1" daemon [_thread_in_native, id=7580, stack(0x0000000018e50000,0x0000000018f50000)]

Stack: [0x0000000018e50000,0x0000000018f50000]
[error occurred during error reporting (printing stack bounds), id 0xc0000005]

Native frames: (J=compiled Java code, j=interpreted, Vv=VM code, C=native code)


Current CompileTask:
C2:  10923 5291       4       sun.reflect.generics.parser.SignatureParser::parsePackageNameAndSimpleClassTypeSignature (139 bytes)


---------------  P R O C E S S  ---------------

Java Threads: ( => current thread )
  0x000000001b665800 JavaThread "Cache worker for file content cache (C:\Users\Igor\Documents\testBranch\GetImage-main-dont-touch-\.gradle\6.1.1\fileContent)" [_thread_blocked, id=952, stack(0x0000000023830000,0x0000000023930000)]
  0x000000001b65e000 JavaThread "Cache worker for file content cache (C:\Users\Igor\.gradle\caches\6.1.1\fileContent)" [_thread_blocked, id=10796, stack(0x0000000023730000,0x0000000023830000)]
  0x000000001b662800 JavaThread "Memory manager" [_thread_blocked, id=18380, stack(0x00000000225a0000,0x00000000226a0000)]
  0x000000001b661800 JavaThread "Cache worker for Build Output Cleanup Cache (C:\Users\Igor\Documents\testBranch\GetImage-main-dont-touch-\.gradle\buildOutputCleanup)" [_thread_blocked, id=14828, stack(0x0000000022060000,0x0000000022160000)]
  0x000000001b65f800 JavaThread "Build operations Thread 4" [_thread_blocked, id=10884, stack(0x00000000224a0000,0x00000000225a0000)]
  0x000000001b664800 JavaThread "Build operations Thread 3" [_thread_blocked, id=18196, stack(0x00000000223a0000,0x00000000224a0000)]
  0x000000001b65d000 JavaThread "Build operations Thread 2" [_thread_blocked, id=11300, stack(0x00000000222a0000,0x00000000223a0000)]
  0x000000001b65e800 JavaThread "Build operations" [_thread_blocked, id=11928, stack(0x00000000221a0000,0x00000000222a0000)]
  0x000000001b285800 JavaThread "Cache worker for execution history cache (C:\Users\Igor\.gradle\caches\6.1.1\executionHistory)" [_thread_blocked, id=17320, stack(0x0000000021160000,0x0000000021260000)]
  0x000000001b287000 JavaThread "Cache worker for cache directory md-rule (C:\Users\Igor\.gradle\caches\6.1.1\md-rule)" [_thread_blocked, id=8940, stack(0x000000001fdc0000,0x000000001fec0000)]
  0x000000001b282000 JavaThread "Cache worker for cache directory md-supplier (C:\Users\Igor\.gradle\caches\6.1.1\md-supplier)" [_thread_blocked, id=17148, stack(0x000000001fa20000,0x000000001fb20000)]
  0x000000001b285000 JavaThread "Cache worker for file hash cache (C:\Users\Igor\Documents\testBranch\GetImage-main-dont-touch-\.gradle\6.1.1\fileHashes)" [_thread_blocked, id=11252, stack(0x000000001fcc0000,0x000000001fdc0000)]
  0x000000001b286800 JavaThread "Cache worker for checksums cache (C:\Users\Igor\Documents\testBranch\GetImage-main-dont-touch-\.gradle\checksums)" [_thread_blocked, id=18468, stack(0x000000001fbc0000,0x000000001fcc0000)]
  0x000000001b284000 JavaThread "Cache worker for file hash cache (C:\Users\Igor\.gradle\caches\6.1.1\fileHashes)" [_thread_blocked, id=13928, stack(0x000000001d480000,0x000000001d580000)]
  0x000000001b282800 JavaThread "File lock request listener" [_thread_in_native, id=17764, stack(0x000000001d380000,0x000000001d480000)]
  0x0000000019935800 JavaThread "Cache worker for journal cache (C:\Users\Igor\.gradle\caches\journal-1)" [_thread_blocked, id=3860, stack(0x000000001d280000,0x000000001d380000)]
  0x000000001b1c8800 JavaThread "Thread-9" [_thread_blocked, id=11664, stack(0x000000001cf80000,0x000000001d080000)]
  0x000000001b1c7800 JavaThread "Stdin handler" [_thread_blocked, id=4352, stack(0x000000001ce80000,0x000000001cf80000)]
  0x000000001b1b0000 JavaThread "Asynchronous log dispatcher for DefaultDaemonConnection: socket connection from /127.0.0.1:52649 to /127.0.0.1:52650" [_thread_blocked, id=1300, stack(0x000000001cd80000,0x000000001ce80000)]
  0x000000001b1d6000 JavaThread "Daemon worker" [_thread_in_vm, id=8736, stack(0x000000001cc80000,0x000000001cd80000)]
  0x000000001b1d5000 JavaThread "Cancel handler" [_thread_blocked, id=4532, stack(0x000000001cb80000,0x000000001cc80000)]
  0x000000001b178000 JavaThread "Handler for socket connection from /127.0.0.1:52649 to /127.0.0.1:52650" [_thread_in_native, id=11532, stack(0x000000001c880000,0x000000001c980000)]
  0x000000001b175000 JavaThread "Daemon" [_thread_blocked, id=17812, stack(0x000000001c780000,0x000000001c880000)]
  0x000000001b08f000 JavaThread "Daemon periodic checks" [_thread_blocked, id=11624, stack(0x000000001c680000,0x000000001c780000)]
  0x000000001b08c800 JavaThread "Incoming local TCP Connector on port 52649" [_thread_in_native, id=14544, stack(0x000000001c430000,0x000000001c530000)]
  0x00000000196bb000 JavaThread "Daemon health stats" [_thread_blocked, id=4052, stack(0x000000001bdf0000,0x000000001bef0000)]
  0x000000001774d800 JavaThread "Service Thread" daemon [_thread_blocked, id=332, stack(0x0000000019450000,0x0000000019550000)]
  0x000000001770b000 JavaThread "C1 CompilerThread2" daemon [_thread_blocked, id=13888, stack(0x0000000018f50000,0x0000000019050000)]
=>0x00000000176fb000 JavaThread "C2 CompilerThread1" daemon [_thread_in_native, id=7580, stack(0x0000000018e50000,0x0000000018f50000)]
  0x00000000176f6800 JavaThread "C2 CompilerThread0" daemon [_thread_in_native, id=276, stack(0x0000000018d50000,0x0000000018e50000)]
  0x00000000176f4800 JavaThread "Attach Listener" daemon [_thread_blocked, id=8764, stack(0x0000000018c50000,0x0000000018d50000)]
  0x00000000176f3800 JavaThread "Signal Dispatcher" daemon [_thread_blocked, id=6228, stack(0x0000000018b50000,0x0000000018c50000)]
  0x0000000002a5a000 JavaThread "Finalizer" daemon [_thread_blocked, id=8812, stack(0x0000000018940000,0x0000000018a40000)]
  0x0000000002a51000 JavaThread "Reference Handler" daemon [_thread_blocked, id=7136, stack(0x0000000018840000,0x0000000018940000)]
  0x0000000002ace000 JavaThread "main" [_thread_blocked, id=9608, stack(0x0000000002850000,0x0000000002950000)]

Other Threads:
  0x00000000176b6800 VMThread [stack: 0x0000000018740000,0x0000000018840000] [id=14108]
  0x000000001774e800 WatcherThread [stack: 0x0000000019550000,0x0000000019650000] [id=17980]

VM state:not at safepoint (normal execution)

VM Mutex/Monitor currently owned by a thread: None

heap address: 0x0000000080000000, size: 2048 MB, Compressed Oops mode: 32-bit
Narrow klass base: 0x0000000000000000, Narrow klass shift: 3
Compressed class space size: 1073741824 Address: 0x0000000100000000

Heap:
 PSYoungGen      total 189440K, used 9729K [0x00000000d5580000, 0x00000000e5b80000, 0x0000000100000000)
  eden space 174080K, 5% used [0x00000000d5580000,0x00000000d5f00760,0x00000000dff80000)
  from space 15360K, 0% used [0x00000000dff80000,0x00000000dff80000,0x00000000e0e80000)
  to   space 20992K, 0% used [0x00000000e4700000,0x00000000e4700000,0x00000000e5b80000)
 ParOldGen       total 110080K, used 37599K [0x0000000080000000, 0x0000000086b80000, 0x00000000d5580000)
  object space 110080K, 34% used [0x0000000080000000,0x00000000824b7c40,0x0000000086b80000)
 Metaspace       used 57769K, capacity 59800K, committed 60056K, reserved 1101824K
  class space    used 7877K, capacity 8353K, committed 8368K, reserved 1048576K

Card table byte_map: [0x0000000011e90000,0x00000000122a0000] byte_map_base: 0x0000000011a90000

Marking Bits: (ParMarkBitMap*) 0x000000005970f030
 Begin Bits: [0x0000000012950000, 0x0000000014950000)
 End Bits:   [0x0000000014950000, 0x0000000016950000)

Polling page: 0x0000000000bf0000

CodeCache: size=245760Kb used=16637Kb max_used=16637Kb free=229122Kb
 bounds [0x0000000002ad0000, 0x0000000003b20000, 0x0000000011ad0000]
 total_blobs=5667 nmethods=4887 adapters=692
 compilation: enabled

Compilation events (10 events):
Event: 10.797 Thread 0x000000001770b000 5306       2       java.util.regex.Pattern$5::isSatisfiedBy (28 bytes)
Event: 10.798 Thread 0x000000001770b000 nmethod 5306 0x0000000003b1a410 code [0x0000000003b1a580, 0x0000000003b1a758]
Event: 10.821 Thread 0x000000001770b000 5307       3       java.util.logging.LogManager$LoggerContext::requiresDefaultLoggers (29 bytes)
Event: 10.821 Thread 0x000000001770b000 nmethod 5307 0x0000000003b1a810 code [0x0000000003b1a980, 0x0000000003b1ada8]
Event: 10.822 Thread 0x000000001770b000 5308       3       java.util.logging.LogManager::access$100 (4 bytes)
Event: 10.822 Thread 0x000000001770b000 nmethod 5308 0x0000000003b17110 code [0x0000000003b17260, 0x0000000003b17390]
Event: 10.825 Thread 0x000000001770b000 5309       3       sun.nio.fs.WindowsPathParser::isSlash (18 bytes)
Event: 10.825 Thread 0x000000001770b000 nmethod 5309 0x0000000003b1ae90 code [0x0000000003b1afe0, 0x0000000003b1b1b0]
Event: 10.905 Thread 0x000000001770b000 5311   !   3       java.lang.Class::desiredAssertionStatus (54 bytes)
Event: 10.907 Thread 0x000000001770b000 nmethod 5311 0x0000000003b1b5d0 code [0x0000000003b1b800, 0x0000000003b1c798]

GC Heap History (10 events):
Event: 5.942 GC heap before
{Heap before GC invocations=10 (full 1):
 PSYoungGen      total 127488K, used 127275K [0x00000000d5580000, 0x00000000de600000, 0x0000000100000000)
  eden space 119296K, 99% used [0x00000000d5580000,0x00000000dc9ea930,0x00000000dca00000)
  from space 8192K, 98% used [0x00000000dde00000,0x00000000de5e0530,0x00000000de600000)
  to   space 11264K, 0% used [0x00000000dd000000,0x00000000dd000000,0x00000000ddb00000)
 ParOldGen       total 48128K, used 7060K [0x0000000080000000, 0x0000000082f00000, 0x00000000d5580000)
  object space 48128K, 14% used [0x0000000080000000,0x00000000806e53d0,0x0000000082f00000)
 Metaspace       used 34549K, capacity 35442K, committed 35496K, reserved 1079296K
  class space    used 4742K, capacity 5006K, committed 5040K, reserved 1048576K
Event: 5.968 GC heap after
Heap after GC invocations=10 (full 1):
 PSYoungGen      total 136704K, used 11232K [0x00000000d5580000, 0x00000000e1d80000, 0x0000000100000000)
  eden space 125440K, 0% used [0x00000000d5580000,0x00000000d5580000,0x00000000dd000000)
  from space 11264K, 99% used [0x00000000dd000000,0x00000000ddaf8008,0x00000000ddb00000)
  to   space 13312K, 0% used [0x00000000e1080000,0x00000000e1080000,0x00000000e1d80000)
 ParOldGen       total 48128K, used 7952K [0x0000000080000000, 0x0000000082f00000, 0x00000000d5580000)
  object space 48128K, 16% used [0x0000000080000000,0x00000000807c40d8,0x0000000082f00000)
 Metaspace       used 34549K, capacity 35442K, committed 35496K, reserved 1079296K
  class space    used 4742K, capacity 5006K, committed 5040K, reserved 1048576K
}
Event: 5.968 GC heap before
{Heap before GC invocations=11 (full 2):
 PSYoungGen      total 136704K, used 11232K [0x00000000d5580000, 0x00000000e1d80000, 0x0000000100000000)
  eden space 125440K, 0% used [0x00000000d5580000,0x00000000d5580000,0x00000000dd000000)
  from space 11264K, 99% used [0x00000000dd000000,0x00000000ddaf8008,0x00000000ddb00000)
  to   space 13312K, 0% used [0x00000000e1080000,0x00000000e1080000,0x00000000e1d80000)
 ParOldGen       total 48128K, used 7952K [0x0000000080000000, 0x0000000082f00000, 0x00000000d5580000)
  object space 48128K, 16% used [0x0000000080000000,0x00000000807c40d8,0x0000000082f00000)
 Metaspace       used 34549K, capacity 35442K, committed 35496K, reserved 1079296K
  class space    used 4742K, capacity 5006K, committed 5040K, reserved 1048576K
Event: 6.076 GC heap after
Heap after GC invocations=11 (full 2):
 PSYoungGen      total 136704K, used 0K [0x00000000d5580000, 0x00000000e1d80000, 0x0000000100000000)
  eden space 125440K, 0% used [0x00000000d5580000,0x00000000d5580000,0x00000000dd000000)
  from space 11264K, 0% used [0x00000000dd000000,0x00000000dd000000,0x00000000ddb00000)
  to   space 13312K, 0% used [0x00000000e1080000,0x00000000e1080000,0x00000000e1d80000)
 ParOldGen       total 72704K, used 18601K [0x0000000080000000, 0x0000000084700000, 0x00000000d5580000)
  object space 72704K, 25% used [0x0000000080000000,0x000000008122a708,0x0000000084700000)
 Metaspace       used 34549K, capacity 35442K, committed 35496K, reserved 1079296K
  class space    used 4742K, capacity 5006K, committed 5040K, reserved 1048576K
}
Event: 8.304 GC heap before
{Heap before GC invocations=12 (full 2):
 PSYoungGen      total 136704K, used 125440K [0x00000000d5580000, 0x00000000e1d80000, 0x0000000100000000)
  eden space 125440K, 100% used [0x00000000d5580000,0x00000000dd000000,0x00000000dd000000)
  from space 11264K, 0% used [0x00000000dd000000,0x00000000dd000000,0x00000000ddb00000)
  to   space 13312K, 0% used [0x00000000e1080000,0x00000000e1080000,0x00000000e1d80000)
 ParOldGen       total 72704K, used 18601K [0x0000000080000000, 0x0000000084700000, 0x00000000d5580000)
  object space 72704K, 25% used [0x0000000080000000,0x000000008122a708,0x0000000084700000)
 Metaspace       used 44860K, capacity 46304K, committed 46376K, reserved 1089536K
  class space    used 6062K, capacity 6416K, committed 6448K, reserved 1048576K
Event: 8.327 GC heap after
Heap after GC invocations=12 (full 2):
 PSYoungGen      total 183296K, used 13301K [0x00000000d5580000, 0x00000000e1d80000, 0x0000000100000000)
  eden space 169984K, 0% used [0x00000000d5580000,0x00000000d5580000,0x00000000dfb80000)
  from space 13312K, 99% used [0x00000000e1080000,0x00000000e1d7d780,0x00000000e1d80000)
  to   space 15360K, 0% used [0x00000000dff80000,0x00000000dff80000,0x00000000e0e80000)
 ParOldGen       total 72704K, used 19847K [0x0000000080000000, 0x0000000084700000, 0x00000000d5580000)
  object space 72704K, 27% used [0x0000000080000000,0x0000000081361f18,0x0000000084700000)
 Metaspace       used 44860K, capacity 46304K, committed 46376K, reserved 1089536K
  class space    used 6062K, capacity 6416K, committed 6448K, reserved 1048576K
}
Event: 10.523 GC heap before
{Heap before GC invocations=13 (full 2):
 PSYoungGen      total 183296K, used 166734K [0x00000000d5580000, 0x00000000e1d80000, 0x0000000100000000)
  eden space 169984K, 90% used [0x00000000d5580000,0x00000000deb560c0,0x00000000dfb80000)
  from space 13312K, 99% used [0x00000000e1080000,0x00000000e1d7d780,0x00000000e1d80000)
  to   space 15360K, 0% used [0x00000000dff80000,0x00000000dff80000,0x00000000e0e80000)
 ParOldGen       total 72704K, used 19847K [0x0000000080000000, 0x0000000084700000, 0x00000000d5580000)
  object space 72704K, 27% used [0x0000000080000000,0x0000000081361f18,0x0000000084700000)
 Metaspace       used 57134K, capacity 59096K, committed 59160K, reserved 1099776K
  class space    used 7757K, capacity 8225K, committed 8240K, reserved 1048576K
Event: 10.560 GC heap after
Heap after GC invocations=13 (full 2):
 PSYoungGen      total 189440K, used 15337K [0x00000000d5580000, 0x00000000e5b80000, 0x0000000100000000)
  eden space 174080K, 0% used [0x00000000d5580000,0x00000000d5580000,0x00000000dff80000)
  from space 15360K, 99% used [0x00000000dff80000,0x00000000e0e7a408,0x00000000e0e80000)
  to   space 20992K, 0% used [0x00000000e4700000,0x00000000e4700000,0x00000000e5b80000)
 ParOldGen       total 72704K, used 29934K [0x0000000080000000, 0x0000000084700000, 0x00000000d5580000)
  object space 72704K, 41% used [0x0000000080000000,0x0000000081d3bac0,0x0000000084700000)
 Metaspace       used 57134K, capacity 59096K, committed 59160K, reserved 1099776K
  class space    used 7757K, capacity 8225K, committed 8240K, reserved 1048576K
}
Event: 10.560 GC heap before
{Heap before GC invocations=14 (full 3):
 PSYoungGen      total 189440K, used 15337K [0x00000000d5580000, 0x00000000e5b80000, 0x0000000100000000)
  eden space 174080K, 0% used [0x00000000d5580000,0x00000000d5580000,0x00000000dff80000)
  from space 15360K, 99% used [0x00000000dff80000,0x00000000e0e7a408,0x00000000e0e80000)
  to   space 20992K, 0% used [0x00000000e4700000,0x00000000e4700000,0x00000000e5b80000)
 ParOldGen       total 72704K, used 29934K [0x0000000080000000, 0x0000000084700000, 0x00000000d5580000)
  object space 72704K, 41% used [0x0000000080000000,0x0000000081d3bac0,0x0000000084700000)
 Metaspace       used 57134K, capacity 59096K, committed 59160K, reserved 1099776K
  class space    used 7757K, capacity 8225K, committed 8240K, reserved 1048576K
Event: 10.783 GC heap after
Heap after GC invocations=14 (full 3):
 PSYoungGen      total 189440K, used 0K [0x00000000d5580000, 0x00000000e5b80000, 0x0000000100000000)
  eden space 174080K, 0% used [0x00000000d5580000,0x00000000d5580000,0x00000000dff80000)
  from space 15360K, 0% used [0x00000000dff80000,0x00000000dff80000,0x00000000e0e80000)
  to   space 20992K, 0% used [0x00000000e4700000,0x00000000e4700000,0x00000000e5b80000)
 ParOldGen       total 110080K, used 37599K [0x0000000080000000, 0x0000000086b80000, 0x00000000d5580000)
  object space 110080K, 34% used [0x0000000080000000,0x00000000824b7c40,0x0000000086b80000)
 Metaspace       used 57134K, capacity 59096K, committed 59160K, reserved 1099776K
  class space    used 7757K, capacity 8225K, committed 8240K, reserved 1048576K
}

Deoptimization events (10 events):
Event: 10.302 Thread 0x000000001b1d6000 Uncommon trap: reason=unstable_if action=reinterpret pc=0x0000000002e259f8 method=sun.nio.fs.WindowsPathParser.isSlash(C)Z @ 9
Event: 10.321 Thread 0x000000001b1d6000 Uncommon trap: reason=unstable_if action=reinterpret pc=0x000000000351ee38 method=com.esotericsoftware.kryo.io.Input.require(I)I @ 65
Event: 10.379 Thread 0x000000001b1d6000 Uncommon trap: reason=unstable_if action=reinterpret pc=0x0000000002dfa874 method=java.util.HashMap.resize()[Ljava/util/HashMap$Node; @ 206
Event: 10.380 Thread 0x000000001b1d6000 Uncommon trap: reason=unstable_if action=reinterpret pc=0x00000000039069a8 method=java.util.HashMap.putVal(ILjava/lang/Object;Ljava/lang/Object;ZZ)Ljava/lang/Object; @ 109
Event: 10.380 Thread 0x000000001b1d6000 Uncommon trap: reason=unstable_if action=reinterpret pc=0x0000000003485d20 method=java.util.HashMap.putVal(ILjava/lang/Object;Ljava/lang/Object;ZZ)Ljava/lang/Object; @ 109
Event: 10.409 Thread 0x000000001b1d6000 Uncommon trap: reason=predicate action=maybe_recompile pc=0x0000000003ae467c method=java.util.AbstractCollection.toArray([Ljava/lang/Object;)[Ljava/lang/Object; @ 49
Event: 10.506 Thread 0x000000001b1d6000 Uncommon trap: reason=bimorphic action=maybe_recompile pc=0x00000000038a2d44 method=java.util.regex.Pattern$5.isSatisfiedBy(I)Z @ 16
Event: 10.506 Thread 0x000000001b1d6000 Uncommon trap: reason=bimorphic action=maybe_recompile pc=0x00000000038a2d44 method=java.util.regex.Pattern$5.isSatisfiedBy(I)Z @ 16
Event: 10.506 Thread 0x000000001b1d6000 Uncommon trap: reason=bimorphic action=maybe_recompile pc=0x00000000038a2d44 method=java.util.regex.Pattern$5.isSatisfiedBy(I)Z @ 16
Event: 10.506 Thread 0x000000001b1d6000 Uncommon trap: reason=bimorphic action=maybe_recompile pc=0x00000000038a2d44 method=java.util.regex.Pattern$5.isSatisfiedBy(I)Z @ 16

Classes redefined (0 events):
No events

Internal exceptions (10 events):
Event: 9.500 Thread 0x000000001b1d6000 Exception <a 'java/lang/ClassNotFoundException': org/gradle/api/internal/file/collections/DefaultConfigurableFileTreeCustomizer> (0x00000000da862d10) thrown at [C:\src\AOSP-openjdk-git\hotspot\src\share\vm\classfile\systemDictionary.cpp, line 210]
Event: 9.607 Thread 0x000000001b1d6000 Exception <a 'java/lang/NoSuchMethodError': java.lang.Object.lambda$comparingInt$7b0bb60$1(Ljava/util/function/ToIntFunction;Ljava/lang/Object;Ljava/lang/Object;)I> (0x00000000daf74dc8) thrown at [C:\src\AOSP-openjdk-git\hotspot\src\share\vm\interpreter\l
Event: 10.067 Thread 0x000000001b1d6000 Exception <a 'java/lang/ClassNotFoundException': com/android/build/gradle/internal/api/ApkVariantOutputImpl_DecoratedBeanInfo> (0x00000000dc6a0f00) thrown at [C:\src\AOSP-openjdk-git\hotspot\src\share\vm\classfile\systemDictionary.cpp, line 210]
Event: 10.067 Thread 0x000000001b1d6000 Exception <a 'java/lang/ClassNotFoundException': com/android/build/gradle/internal/api/ApkVariantOutputImplBeanInfo> (0x00000000dc6c0890) thrown at [C:\src\AOSP-openjdk-git\hotspot\src\share\vm\classfile\systemDictionary.cpp, line 210]
Event: 10.068 Thread 0x000000001b1d6000 Exception <a 'java/lang/ClassNotFoundException': com/android/build/gradle/internal/api/BaseVariantOutputImplBeanInfo> (0x00000000dc6e1808) thrown at [C:\src\AOSP-openjdk-git\hotspot\src\share\vm\classfile\systemDictionary.cpp, line 210]
Event: 10.069 Thread 0x000000001b1d6000 Exception <a 'java/lang/ClassNotFoundException': com/android/build/gradle/internal/api/BaseVariantOutputImplCustomizer> (0x00000000dc702d88) thrown at [C:\src\AOSP-openjdk-git\hotspot\src\share\vm\classfile\systemDictionary.cpp, line 210]
Event: 10.070 Thread 0x000000001b1d6000 Exception <a 'java/lang/ClassNotFoundException': com/android/build/gradle/internal/api/ApkVariantOutputImplCustomizer> (0x00000000dc73de88) thrown at [C:\src\AOSP-openjdk-git\hotspot\src\share\vm\classfile\systemDictionary.cpp, line 210]
Event: 10.071 Thread 0x000000001b1d6000 Exception <a 'java/lang/ClassNotFoundException': com/android/build/gradle/internal/api/ApkVariantOutputImpl_DecoratedCustomizer> (0x00000000dc774a18) thrown at [C:\src\AOSP-openjdk-git\hotspot\src\share\vm\classfile\systemDictionary.cpp, line 210]
Event: 10.823 Thread 0x000000001b1d6000 Exception <a 'java/lang/ClassNotFoundException': com/sun/org/glassfish/hk2/osgiresourcelocator/ServiceLoader> (0x00000000d578b280) thrown at [C:\src\AOSP-openjdk-git\hotspot\src\share\vm\classfile\systemDictionary.cpp, line 210]
Event: 10.898 Thread 0x000000001b1d6000 Exception <a 'java/lang/NullPointerException'> (0x00000000d5c8a6d8) thrown at [C:\src\AOSP-openjdk-git\hotspot\src\share\vm\interpreter\linkResolver.cpp, line 1287]

Events (10 events):
Event: 10.918 loading class com/sun/xml/bind/v2/model/impl/RuntimeBuiltinLeafInfoImpl$5
Event: 10.918 loading class com/sun/xml/bind/v2/model/impl/RuntimeBuiltinLeafInfoImpl$5 done
Event: 10.919 loading class com/sun/xml/bind/v2/model/impl/RuntimeBuiltinLeafInfoImpl$6
Event: 10.919 loading class com/sun/xml/bind/v2/model/impl/RuntimeBuiltinLeafInfoImpl$6 done
Event: 10.919 loading class com/sun/xml/bind/v2/model/impl/RuntimeBuiltinLeafInfoImpl$7
Event: 10.919 loading class com/sun/xml/bind/v2/model/impl/RuntimeBuiltinLeafInfoImpl$7 done
Event: 10.920 loading class com/sun/xml/bind/v2/model/impl/RuntimeBuiltinLeafInfoImpl$8
Event: 10.920 loading class com/sun/xml/bind/v2/model/impl/RuntimeBuiltinLeafInfoImpl$8 done
Event: 10.921 loading class com/sun/xml/bind/v2/model/impl/RuntimeBuiltinLeafInfoImpl$9
Event: 10.921 loading class com/sun/xml/bind/v2/model/impl/RuntimeBuiltinLeafInfoImpl$9 done


Dynamic libraries:
0x00007ff70c640000 - 0x00007ff70c671000 	D:\Android\Android Studio\jre\bin\java.exe
0x00007ff852ad0000 - 0x00007ff852cc5000 	C:\WINDOWS\SYSTEM32\ntdll.dll
0x00007ff8528c0000 - 0x00007ff85297d000 	C:\WINDOWS\System32\KERNEL32.DLL
0x00007ff850340000 - 0x00007ff850608000 	C:\WINDOWS\System32\KERNELBASE.dll
0x00007ff8529e0000 - 0x00007ff852a8c000 	C:\WINDOWS\System32\ADVAPI32.dll
0x00007ff8519a0000 - 0x00007ff851a3e000 	C:\WINDOWS\System32\msvcrt.dll
0x00007ff852390000 - 0x00007ff85242b000 	C:\WINDOWS\System32\sechost.dll
0x00007ff8526d0000 - 0x00007ff8527fb000 	C:\WINDOWS\System32\RPCRT4.dll
0x00007ff850b90000 - 0x00007ff850d30000 	C:\WINDOWS\System32\USER32.dll
0x00007ff850660000 - 0x00007ff850682000 	C:\WINDOWS\System32\win32u.dll
0x00007ff8529b0000 - 0x00007ff8529da000 	C:\WINDOWS\System32\GDI32.dll
0x00007ff8509c0000 - 0x00007ff850acb000 	C:\WINDOWS\System32\gdi32full.dll
0x00007ff850920000 - 0x00007ff8509bd000 	C:\WINDOWS\System32\msvcp_win.dll
0x00007ff850240000 - 0x00007ff850340000 	C:\WINDOWS\System32\ucrtbase.dll
0x00007ff841410000 - 0x00007ff8416aa000 	C:\WINDOWS\WinSxS\amd64_microsoft.windows.common-controls_6595b64144ccf1df_6.0.19041.844_none_ca00b6081b84eb1d\COMCTL32.dll
0x00007ff852980000 - 0x00007ff8529b0000 	C:\WINDOWS\System32\IMM32.DLL
0x0000000058290000 - 0x0000000058362000 	D:\Android\Android Studio\jre\jre\bin\msvcr100.dll
0x0000000058f40000 - 0x000000005978b000 	D:\Android\Android Studio\jre\jre\bin\server\jvm.dll
0x00007ff850d30000 - 0x00007ff850d38000 	C:\WINDOWS\System32\PSAPI.DLL
0x00007ff842cc0000 - 0x00007ff842cca000 	C:\WINDOWS\SYSTEM32\VERSION.dll
0x00007ff84dee0000 - 0x00007ff84dee9000 	C:\WINDOWS\SYSTEM32\WSOCK32.dll
0x00007ff83f090000 - 0x00007ff83f0b7000 	C:\WINDOWS\SYSTEM32\WINMM.dll
0x00007ff852430000 - 0x00007ff85249b000 	C:\WINDOWS\System32\WS2_32.dll
0x00007ff84d1d0000 - 0x00007ff84d1df000 	D:\Android\Android Studio\jre\jre\bin\verify.dll
0x00007ff847ba0000 - 0x00007ff847bc9000 	D:\Android\Android Studio\jre\jre\bin\java.dll
0x00007ff844b50000 - 0x00007ff844b66000 	D:\Android\Android Studio\jre\jre\bin\zip.dll
0x00007ff8510a0000 - 0x00007ff8517e2000 	C:\WINDOWS\System32\SHELL32.dll
0x00007ff84efd0000 - 0x00007ff84f761000 	C:\WINDOWS\SYSTEM32\windows.storage.dll
0x00007ff850d40000 - 0x00007ff851095000 	C:\WINDOWS\System32\combase.dll
0x00007ff84fc80000 - 0x00007ff84fcac000 	C:\WINDOWS\SYSTEM32\Wldp.dll
0x00007ff851a40000 - 0x00007ff851aee000 	C:\WINDOWS\System32\SHCORE.dll
0x00007ff8525a0000 - 0x00007ff8525f5000 	C:\WINDOWS\System32\shlwapi.dll
0x00007ff850150000 - 0x00007ff85016f000 	C:\WINDOWS\SYSTEM32\profapi.dll
0x00007ff844a70000 - 0x00007ff844a8a000 	D:\Android\Android Studio\jre\jre\bin\net.dll
0x00007ff84ef10000 - 0x00007ff84ef7a000 	C:\WINDOWS\system32\mswsock.dll
0x00007ff8447d0000 - 0x00007ff8447e3000 	D:\Android\Android Studio\jre\jre\bin\nio.dll
0x00007ff840880000 - 0x00007ff8408a6000 	C:\Users\Igor\.gradle\native\31\windows-amd64\native-platform.dll
0x00007ff84be40000 - 0x00007ff84be4d000 	D:\Android\Android Studio\jre\jre\bin\management.dll
0x00007ff84fbc0000 - 0x00007ff84fbd8000 	C:\WINDOWS\SYSTEM32\CRYPTSP.dll
0x000000005b4f0000 - 0x000000005b501000 	C:\Program Files\Common Files\Crypto Pro\AppCompat\cpadvai.dll
0x000000005b510000 - 0x000000005b517000 	C:\Program Files\Common Files\Crypto Pro\AppCompat\detoured.dll
0x00007ff84e840000 - 0x00007ff84e874000 	C:\WINDOWS\system32\rsaenh.dll
0x00007ff850210000 - 0x00007ff850237000 	C:\WINDOWS\System32\bcrypt.dll
0x00007ff850110000 - 0x00007ff85013e000 	C:\WINDOWS\SYSTEM32\USERENV.dll
0x00007ff8507f0000 - 0x00007ff850870000 	C:\WINDOWS\System32\bcryptprimitives.dll
0x00007ff84fbe0000 - 0x00007ff84fbec000 	C:\WINDOWS\SYSTEM32\CRYPTBASE.dll
0x00007ff84ebb0000 - 0x00007ff84ebeb000 	C:\WINDOWS\SYSTEM32\IPHLPAPI.DLL
0x00007ff852380000 - 0x00007ff852388000 	C:\WINDOWS\System32\NSI.dll
0x00007ff842ee0000 - 0x00007ff842ef7000 	C:\WINDOWS\SYSTEM32\dhcpcsvc6.DLL
0x00007ff846e50000 - 0x00007ff846e6d000 	C:\WINDOWS\SYSTEM32\dhcpcsvc.DLL
0x00007ff84ebf0000 - 0x00007ff84ecbc000 	C:\WINDOWS\SYSTEM32\DNSAPI.dll

VM Arguments:
jvm_args: -Xmx2048m -Dfile.encoding=windows-1251 -Duser.country=RU -Duser.language=ru -Duser.variant 
java_command: org.gradle.launcher.daemon.bootstrap.GradleDaemon 6.1.1
java_class_path (initial): C:\Users\Igor\.gradle\wrapper\dists\gradle-6.1.1-all\cfmwm155h49vnt3hynmlrsdst\gradle-6.1.1\lib\gradle-launcher-6.1.1.jar
Launcher Type: SUN_STANDARD

Environment Variables:
PATH=C:\Program Files (x86)\Common Files\Oracle\Java\javapath;C:\Program Files (x86)\NVIDIA Corporation\PhysX\Common;C:\Program Files (x86)\Intel\iCLS Client\;C:\Program Files\Intel\iCLS Client\;C:\Windows\system32;C:\Windows;C:\Windows\System32\Wbem;C:\Windows\System32\WindowsPowerShell\v1.0\;C:\Program Files (x86)\Intel\Intel(R) Management Engine Components\DAL;C:\Program Files\Intel\Intel(R) Management Engine Components\DAL;C:\Program Files (x86)\Intel\Intel(R) Management Engine Components\IPT;C:\Program Files\Intel\Intel(R) Management Engine Components\IPT;C:\WINDOWS\system32;C:\WINDOWS;C:\WINDOWS\System32\Wbem;C:\WINDOWS\System32\WindowsPowerShell\v1.0\;C:\WINDOWS\System32\OpenSSH\;C:\Program Files\dotnet\;C:\Users\асус\Desktop\јјјјја пайтон\Scripts\;C:\Users\асус\Desktop\јјјјја пайтон\;C:\Users\Igor\AppData\Local\Microsoft\WindowsApps;D:\vs code\Microsoft VS Code\bin;C:\Users\Igor\.dotnet\tools;
USERNAME=асус
OS=Windows_NT
PROCESSOR_IDENTIFIER=Intel64 Family 6 Model 78 Stepping 3, GenuineIntel



---------------  S Y S T E M  ---------------

OS: Windows 10.0 , 64 bit Build 19041 (10.0.19041.928)

CPU:total 4 (initial active 4) (2 cores per cpu, 2 threads per core) family 6 model 78 stepping 3, cmov, cx8, fxsr, mmx, sse, sse2, sse3, ssse3, sse4.1, sse4.2, popcnt, avx, avx2, aes, clmul, erms, 3dnowpref, lzcnt, ht, tsc, tscinvbit, bmi1, bmi2, adx

Memory: 4k page, physical 8249432k(547776k free), swap 12345432k(5488k free)

vm_info: OpenJDK 64-Bit Server VM (25.242-b01) for windows-amd64 JRE (1.8.0_242-release-1644-b01), built by "builder" with MS VC++ 10.0 (VS2010)

time: Thu May 06 23:24:58 2021
timezone: RTZ 4 (зима)
elapsed time: 10 seconds (0d 0h 0m 10s)

